GATE OK
RESULT hostapi deviceSynchronize 0 90 90 100 5000
RESULT hostapi setDevice 0 40 40 40 5000
RESULT hostapi streamCreateDestroy 0 2811961 2746654 2879270 2000
RESULT alloc mallocFree 4096 772 752 801 1000
RESULT alloc mallocFree 1048576 771 751 801 1000
RESULT alloc mallocFree 67108864 138855 136062 142551 1000
RESULT xfer H2D 4096 20310 20040 20811 2000
RESULT xfer D2H 4096 19429 19188 19830 2000
RESULT xfer memset 4096 11387 11276 11587 2000
RESULT xfer H2D 65536 137593 137304 138596 2000
RESULT xfer D2H 65536 136843 136562 137213 2000
RESULT xfer memset 65536 11407 11326 11617 2000
RESULT xfer H2D 1048576 155401 154689 168139 2000
RESULT xfer D2H 1048576 154588 154288 155050 2000
RESULT xfer memset 1048576 11658 11587 11797 2000
RESULT xfer H2D 16777216 561360 560179 672214 200
RESULT xfer D2H 16777216 564015 563424 577575 200
RESULT xfer memset 16777216 15693 15613 16004 200
RESULT xfer H2D 268435456 4932248 4930005 4944717 200
RESULT xfer D2H 268435456 5000590 4997975 5012847 200
RESULT xfer memset 268435456 60780 60209 61301 200
DONE
