GATE OK
RESULT hostapi deviceSynchronize 0 60 50 60 5000
RESULT hostapi setDevice 0 30 30 31 5000
RESULT hostapi streamCreateDestroy 0 90 80 1792 2000
RESULT alloc mallocFree 4096 181 80 300 1000
RESULT alloc mallocFree 1048576 500 360 610 1000
RESULT alloc mallocFree 67108864 781 670 891 1000
RESULT xfer H2D 4096 78907 78106 86548 2000
RESULT xfer D2H 4096 246415 242489 253696 2000
RESULT xfer memset 4096 54770 54029 55813 2000
RESULT xfer H2D 65536 104836 99838 111746 2000
RESULT xfer D2H 65536 292152 287285 300806 2000
RESULT xfer memset 65536 55413 54701 56383 2000
RESULT xfer H2D 1048576 453120 437858 471078 2000
RESULT xfer D2H 1048576 937808 925680 962264 2000
RESULT xfer memset 1048576 66438 65197 68492 2000
RESULT xfer H2D 16777216 6172635 6047721 6330909 200
RESULT xfer D2H 16777216 12083053 11840023 12211573 200
RESULT xfer memset 16777216 75842 74160 77044 200
RESULT xfer H2D 268435456 103854193 102812521 104630994 200
RESULT xfer D2H 268435456 189407956 189214080 192514387 200
RESULT xfer memset 268435456 167639 159256 168960 200
DONE
